<?xml version="1.0" encoding="UTF-8"?>
<!-- Generated by org.testng.reporters.JUnitXMLReporter -->
<testsuite ignored="1" hostname="Clairvoyant-154" failures="0" tests="1" name="Default test" time="3.909" errors="0" timestamp="2021-10-07T10:24:33 IST">
  <testcase classname="MoxieTestPackage.PostCreateSession" name="tokenValidation" time="3.859"/>
  <testcase classname="MoxieTestPackage.PostCreateSession" name="statusCodeValidation" time="0.0">
    <ignored/>
  </testcase> <!-- statusCodeValidation -->
</testsuite> <!-- Default test -->
