<?xml version="1.0" encoding="UTF-8"?>
<testng-results ignored="1" total="2" passed="1" failed="0" skipped="0">
  <reporter-output>
  </reporter-output>
  <suite started-at="2021-10-07T10:24:29 IST" name="Default suite" finished-at="2021-10-07T10:24:33 IST" duration-ms="3909">
    <groups>
    </groups>
    <test started-at="2021-10-07T10:24:29 IST" name="Default test" finished-at="2021-10-07T10:24:33 IST" duration-ms="3909">
      <class name="MoxieTestPackage.PostCreateSession">
        <test-method signature="tokenValidation()[pri:0, instance:MoxieTestPackage.PostCreateSession@6a6afff2]" started-at="2021-10-07T10:24:29 IST" name="tokenValidation" finished-at="2021-10-07T10:24:33 IST" duration-ms="3859" status="PASS">
          <reporter-output>
          </reporter-output>
        </test-method> <!-- tokenValidation -->
      </class> <!-- MoxieTestPackage.PostCreateSession -->
    </test> <!-- Default test -->
  </suite> <!-- Default suite -->
</testng-results>
